<?xml version="1.0" encoding="utf-8"?><testsuites name="pytest tests"><testsuite name="pytest" errors="0" failures="0" skipped="0" tests="14" time="1.145" timestamp="2026-04-23T16:19:15.528452+00:00" hostname="agent-env-157056e3-01eb-4a7e-9841-7108a45243ec"><testcase classname="backend.tests.test_webfoot_api.TestRoot" name="test_root_returns_200_with_message" time="0.211" /><testcase classname="backend.tests.test_webfoot_api.TestLeads" name="test_create_lead_valid_returns_201" time="0.059" /><testcase classname="backend.tests.test_webfoot_api.TestLeads" name="test_create_lead_minimal_required_only" time="0.049" /><testcase classname="backend.tests.test_webfoot_api.TestLeads" name="test_create_lead_invalid_email_returns_422" time="0.046" /><testcase classname="backend.tests.test_webfoot_api.TestLeads" name="test_create_lead_missing_name_returns_422" time="0.051" /><testcase classname="backend.tests.test_webfoot_api.TestLeads" name="test_create_lead_missing_message_returns_422" time="0.051" /><testcase classname="backend.tests.test_webfoot_api.TestLeads" name="test_create_lead_empty_name_returns_422" time="0.051" /><testcase classname="backend.tests.test_webfoot_api.TestLeads" name="test_list_leads_returns_list_sorted_desc" time="0.050" /><testcase classname="backend.tests.test_webfoot_api.TestLeads" name="test_list_leads_contains_recently_created" time="0.104" /><testcase classname="backend.tests.test_webfoot_api.TestLeads" name="test_list_leads_limit_param" time="0.165" /><testcase classname="backend.tests.test_webfoot_api.TestLeads" name="test_list_leads_limit_clamped_low" time="0.048" /><testcase classname="backend.tests.test_webfoot_api.TestLeads" name="test_list_leads_limit_clamped_high" time="0.055" /><testcase classname="backend.tests.test_webfoot_api.TestStatus" name="test_post_status" time="0.075" /><testcase classname="backend.tests.test_webfoot_api.TestStatus" name="test_get_status" time="0.052" /></testsuite></testsuites>